<?xml version="1.0" encoding="UTF-8"?>
<testng-results ignored="0" total="1" passed="1" failed="0" skipped="0">
  <reporter-output>
  </reporter-output>
  <suite started-at="2024-03-15T23:56:36 IST" name="Default suite" finished-at="2024-03-15T23:57:06 IST" duration-ms="29578">
    <groups>
    </groups>
    <test started-at="2024-03-15T23:56:36 IST" name="Default test" finished-at="2024-03-15T23:57:06 IST" duration-ms="29578">
      <class name="TestCases.LoginTC_003">
        <test-method is-config="true" signature="setup()[pri:0, instance:TestCases.LoginTC_003@67c27493]" started-at="2024-03-15T23:56:36 IST" name="setup" finished-at="2024-03-15T23:56:44 IST" duration-ms="7751" status="PASS">
          <reporter-output>
          </reporter-output>
        </test-method> <!-- setup -->
        <test-method signature="setuppage()[pri:0, instance:TestCases.LoginTC_003@67c27493]" started-at="2024-03-15T23:56:44 IST" name="setuppage" finished-at="2024-03-15T23:57:05 IST" duration-ms="21343" status="PASS">
          <reporter-output>
          </reporter-output>
        </test-method> <!-- setuppage -->
        <test-method is-config="true" signature="teardown()[pri:0, instance:TestCases.LoginTC_003@67c27493]" started-at="2024-03-15T23:57:05 IST" name="teardown" finished-at="2024-03-15T23:57:06 IST" duration-ms="405" status="PASS">
          <reporter-output>
          </reporter-output>
        </test-method> <!-- teardown -->
      </class> <!-- TestCases.LoginTC_003 -->
    </test> <!-- Default test -->
  </suite> <!-- Default suite -->
</testng-results>
